{"uuid":"872dca03-32af-4c2f-ba0e-1f82c122554e","historyId":"db2fd81db9da6e3002985bd86f2a7435","testCaseId":"[engine:junit-jupiter]/[class:tests.web.OpeningAccountTests]/[method:openSavingsAccount()]","testCaseName":"openSavingsAccount()","fullName":"tests.web.OpeningAccountTests.openSavingsAccount","labels":[{"name":"junit.platform.uniqueid","value":"[engine:junit-jupiter]/[class:tests.web.OpeningAccountTests]/[method:openSavingsAccount()]"},{"name":"host","value":"MacBook-Air--Max.local"},{"name":"thread","value":"22892@MacBook-Air--Max.local.Test worker(1)"},{"name":"framework","value":"junit-platform"},{"name":"language","value":"java"},{"name":"package","value":"tests.web.OpeningAccountTests"},{"name":"testClass","value":"tests.web.OpeningAccountTests"},{"name":"testMethod","value":"openSavingsAccount"},{"name":"suite","value":"tests.web.OpeningAccountTests"}],"links":[],"name":"openSavingsAccount()","status":"failed","statusDetails":{"known":false,"muted":false,"flaky":false,"message":"Element not found {[name='username']}\nExpected: exist\nScreenshot: file:/Users/maxkinclip/InteliJ%20IDEA/Projects/ParaBank-tests/build/reports/tests/1762608947052.1.png\nPage source: file:/Users/maxkinclip/InteliJ%20IDEA/Projects/ParaBank-tests/build/reports/tests/1762608947052.1.html\nTimeout: 4 s.\nCaused by: NoSuchElementException: no such element: Unable to locate element: {\"method\":\"css selector\",\"selector\":\"[name='username']\"}","trace":"Element not found {[name='username']}\nExpected: exist\nScreenshot: file:/Users/maxkinclip/InteliJ%20IDEA/Projects/ParaBank-tests/build/reports/tests/1762608947052.1.png\nPage source: file:/Users/maxkinclip/InteliJ%20IDEA/Projects/ParaBank-tests/build/reports/tests/1762608947052.1.html\nTimeout: 4 s.\nCaused by: NoSuchElementException: no such element: Unable to locate element: {\"method\":\"css selector\",\"selector\":\"[name='username']\"}\n\tat com.codeborne.selenide.impl.WebElementSource.createElementNotFoundError(WebElementSource.java:89)\n\tat com.codeborne.selenide.impl.ElementFinder.createElementNotFoundError(ElementFinder.java:129)\n\tat com.codeborne.selenide.impl.ExceptionWrapper.wrap(ExceptionWrapper.java:25)\n\tat com.codeborne.selenide.impl.SelenideElementProxy.dispatchAndRetry(SelenideElementProxy.java:153)\n\tat com.codeborne.selenide.impl.SelenideElementProxy.invoke(SelenideElementProxy.java:83)\n\tat jdk.proxy3/jdk.proxy3.$Proxy31.sendKeys(Unknown Source)\n\tat pages.MainPage.fillUsername(MainPage.java:27)\n\tat pages.MainPage.fillLoginForm(MainPage.java:75)\n\tat tests.web.OpeningAccountTests.openSavingsAccount(OpeningAccountTests.java:28)\n\tat java.base/java.lang.reflect.Method.invoke(Method.java:580)\n\tat java.base/java.util.ArrayList.forEach(ArrayList.java:1597)\n\tat java.base/java.util.ArrayList.forEach(ArrayList.java:1597)\nCaused by: org.openqa.selenium.NoSuchElementException: no such element: Unable to locate element: {\"method\":\"css selector\",\"selector\":\"[name='username']\"}\n  (Session info: chrome=142.0.7444.60)\nFor documentation on this error, please visit: https://www.selenium.dev/documentation/webdriver/troubleshooting/errors#no-such-element-exception\nBuild info: version: '4.31.0', revision: '1ef9f18787*'\nSystem info: os.name: 'Mac OS X', os.arch: 'aarch64', os.version: '15.5', java.version: '23.0.2'\nDriver info: org.openqa.selenium.chrome.ChromeDriver\nCommand: [0c7493cf3065b3432c3e799f4b87bee4, findElement {using=css selector, value=[name='username']}]\nCapabilities {acceptInsecureCerts: true, browserName: chrome, browserVersion: 142.0.7444.60, chrome: {chromedriverVersion: 142.0.7444.61 (9884f628acbc..., userDataDir: /var/folders/n5/5wbcbgt93g3...}, fedcm:accounts: true, goog:chromeOptions: {debuggerAddress: localhost:52292}, goog:processID: 22948, networkConnectionEnabled: false, pageLoadStrategy: eager, platformName: mac, proxy: Proxy(), se:cdp: ws://localhost:52292/devtoo..., se:cdpVersion: 142.0.7444.60, setWindowRect: true, strictFileInteractability: false, timeouts: {implicit: 0, pageLoad: 300000, script: 30000}, unhandledPromptBehavior: accept, webauthn:extension:credBlob: true, webauthn:extension:largeBlob: true, webauthn:extension:minPinLength: true, webauthn:extension:prf: true, webauthn:virtualAuthenticators: true}\nSession ID: 0c7493cf3065b3432c3e799f4b87bee4\n\tat java.base/jdk.internal.reflect.DirectConstructorHandleAccessor.newInstance(DirectConstructorHandleAccessor.java:62)\n\tat java.base/java.lang.reflect.Constructor.newInstanceWithCaller(Constructor.java:501)\n\tat java.base/java.lang.reflect.Constructor.newInstance(Constructor.java:485)\n\tat org.openqa.selenium.remote.ErrorCodec.decode(ErrorCodec.java:167)\n\tat org.openqa.selenium.remote.codec.w3c.W3CHttpResponseCodec.decode(W3CHttpResponseCodec.java:138)\n\tat org.openqa.selenium.remote.codec.w3c.W3CHttpResponseCodec.decode(W3CHttpResponseCodec.java:50)\n\tat org.openqa.selenium.remote.HttpCommandExecutor.execute(HttpCommandExecutor.java:215)\n\tat org.openqa.selenium.remote.service.DriverCommandExecutor.invokeExecute(DriverCommandExecutor.java:216)\n\tat org.openqa.selenium.remote.service.DriverCommandExecutor.execute(DriverCommandExecutor.java:174)\n\tat org.openqa.selenium.remote.RemoteWebDriver.execute(RemoteWebDriver.java:545)\n\tat org.openqa.selenium.remote.ElementLocation$ElementFinder$2.findElement(ElementLocation.java:165)\n\tat org.openqa.selenium.remote.ElementLocation.findElement(ElementLocation.java:59)\n\tat org.openqa.selenium.remote.RemoteWebDriver.findElement(RemoteWebDriver.java:368)\n\tat org.openqa.selenium.remote.RemoteWebDriver.findElement(RemoteWebDriver.java:362)\n\tat com.codeborne.selenide.impl.WebElementSelector.findElement(WebElementSelector.java:67)\n\tat com.codeborne.selenide.impl.WebElementSelector.findElement(WebElementSelector.java:38)\n\tat com.codeborne.selenide.impl.WebElementSelector.findElement(WebElementSelector.java:29)\n\tat com.codeborne.selenide.impl.ElementFinder.getWebElement(ElementFinder.java:113)\n\tat com.codeborne.selenide.impl.SelenideElementProxy.dispatchAndRetry(SelenideElementProxy.java:134)\n\t... 8 more\n"},"stage":"finished","description":"","steps":[],"attachments":[],"parameters":[],"start":1762608942667,"stop":1762608947354}